#
# There is insufficient memory for the Java Runtime Environment to continue.
# Native memory allocation (mmap) failed to map 65536 bytes for Failed to commit metaspace.
# Possible reasons:
#   The system is out of physical RAM or swap space
#   The process is running with CompressedOops enabled, and the Java Heap may be blocking the growth of the native heap
# Possible solutions:
#   Reduce memory load on the system
#   Increase physical memory or swap space
#   Check if swap backing store is full
#   Decrease Java heap size (-Xmx/-Xms)
#   Decrease number of Java threads
#   Decrease Java thread stack sizes (-Xss)
#   Set larger code cache with -XX:ReservedCodeCacheSize=
#   JVM is running with Unscaled Compressed Oops mode in which the Java heap is
#     placed in the first 4GB address space. The Java Heap base address is the
#     maximum limit for the native heap growth. Please use -XX:HeapBaseMinAddress
#     to set the Java Heap base and to place the Java Heap above 4GB virtual address.
# This output file may be truncated or incomplete.
#
#  Out of Memory Error (virtualSpaceNode.cpp:110), pid=19808, tid=13908
#
# JRE version: OpenJDK Runtime Environment Temurin-17.0.5+8 (17.0.5+8) (build 17.0.5+8)
# Java VM: OpenJDK 64-Bit Server VM Temurin-17.0.5+8 (17.0.5+8, mixed mode, tiered, compressed oops, compressed class ptrs, g1 gc, windows-amd64)
# No core dump will be written. Minidumps are not enabled by default on client versions of Windows
#

---------------  S U M M A R Y ------------

Command Line: -Dfile.encoding=UTF-8 -XX:+ShowCodeDetailsInExceptionMessages application.Pesquisa

Host: Intel(R) Core(TM) i3-8145U CPU @ 2.10GHz, 4 cores, 3G,  Windows 10 , 64 bit Build 19041 (10.0.19041.2364)
Time: Thu Feb 16 21:36:22 2023 Hora Padrão de Buenos Aires elapsed time: 0.140638 seconds (0d 0h 0m 0s)

---------------  T H R E A D  ---------------

Current thread (0x0000020b47e4d130):  JavaThread "main" [_thread_in_vm, id=13908, stack(0x0000007982900000,0x0000007982a00000)]

Stack: [0x0000007982900000,0x0000007982a00000]
Native frames: (J=compiled Java code, j=interpreted, Vv=VM code, C=native code)
V  [jvm.dll+0x676b3a]
V  [jvm.dll+0x831444]
V  [jvm.dll+0x832bee]
V  [jvm.dll+0x833253]
V  [jvm.dll+0x244ce5]
V  [jvm.dll+0x82d4db]
V  [jvm.dll+0x61b2f6]
V  [jvm.dll+0x61b35a]
V  [jvm.dll+0x61db7a]
V  [jvm.dll+0x61bc96]
V  [jvm.dll+0x23937f]
V  [jvm.dll+0x625af5]
V  [jvm.dll+0x1e99bb]
V  [jvm.dll+0x1e9ef5]
V  [jvm.dll+0x1ea92f]
V  [jvm.dll+0x1dfdd1]
V  [jvm.dll+0x53be30]
V  [jvm.dll+0x1f05a7]
V  [jvm.dll+0x7ab9db]
V  [jvm.dll+0x7acd82]
V  [jvm.dll+0x7ad0b8]
V  [jvm.dll+0x23d0ee]
V  [jvm.dll+0x38034b]
C  0x0000020b4cd2f5a8

Java frames: (J=compiled Java code, j=interpreted, Vv=VM code)
j  java.lang.invoke.DirectMethodHandle.shouldBeInitialized(Ljava/lang/invoke/MemberName;)Z+73 java.base@17.0.5
j  java.lang.invoke.DirectMethodHandle.preparedLambdaForm(Ljava/lang/invoke/MemberName;Z)Ljava/lang/invoke/LambdaForm;+131 java.base@17.0.5
j  java.lang.invoke.DirectMethodHandle.preparedLambdaForm(Ljava/lang/invoke/MemberName;)Ljava/lang/invoke/LambdaForm;+2 java.base@17.0.5
j  java.lang.invoke.DirectMethodHandle.make(BLjava/lang/Class;Ljava/lang/invoke/MemberName;Ljava/lang/Class;)Ljava/lang/invoke/DirectMethodHandle;+163 java.base@17.0.5
j  java.lang.invoke.MethodHandles$Lookup.getDirectMethodCommon(BLjava/lang/Class;Ljava/lang/invoke/MemberName;ZZLjava/lang/invoke/MethodHandles$Lookup;)Ljava/lang/invoke/MethodHandle;+210 java.base@17.0.5
j  java.lang.invoke.MethodHandles$Lookup.getDirectMethodNoSecurityManager(BLjava/lang/Class;Ljava/lang/invoke/MemberName;Ljava/lang/invoke/MethodHandles$Lookup;)Ljava/lang/invoke/MethodHandle;+14 java.base@17.0.5
j  java.lang.invoke.MethodHandles$Lookup.getDirectMethodForConstant(BLjava/lang/Class;Ljava/lang/invoke/MemberName;)Ljava/lang/invoke/MethodHandle;+31 java.base@17.0.5
j  java.lang.invoke.MethodHandles$Lookup.linkMethodHandleConstant(BLjava/lang/Class;Ljava/lang/String;Ljava/lang/Object;)Ljava/lang/invoke/MethodHandle;+153 java.base@17.0.5
j  java.lang.invoke.MethodHandleNatives.linkMethodHandleConstant(Ljava/lang/Class;ILjava/lang/Class;Ljava/lang/String;Ljava/lang/Object;)Ljava/lang/invoke/MethodHandle;+38 java.base@17.0.5
v  ~StubRoutines::call_stub
j  java.util.regex.CharPredicates.forProperty(Ljava/lang/String;Z)Ljava/util/regex/Pattern$CharPredicate;+2693 java.base@17.0.5
j  java.util.regex.Pattern.family(ZZ)Ljava/util/regex/Pattern$CharPredicate;+605 java.base@17.0.5
j  java.util.regex.Pattern.sequence(Ljava/util/regex/Pattern$Node;)Ljava/util/regex/Pattern$Node;+329 java.base@17.0.5
j  java.util.regex.Pattern.expr(Ljava/util/regex/Pattern$Node;)Ljava/util/regex/Pattern$Node;+12 java.base@17.0.5
j  java.util.regex.Pattern.compile()V+222 java.base@17.0.5
j  java.util.regex.Pattern.<init>(Ljava/lang/String;I)V+108 java.base@17.0.5
j  java.util.regex.Pattern.compile(Ljava/lang/String;)Ljava/util/regex/Pattern;+6 java.base@17.0.5
j  java.util.Scanner.<clinit>()V+19 java.base@17.0.5
v  ~StubRoutines::call_stub
j  application.Pesquisa.main([Ljava/lang/String;)V+6
v  ~StubRoutines::call_stub

---------------  P R O C E S S  ---------------

Threads class SMR info:
_java_thread_list=0x0000020b61956a80, length=12, elements={
0x0000020b47e4d130, 0x0000020b60dca260, 0x0000020b60dcc940, 0x0000020b60db6380,
0x0000020b60df4000, 0x0000020b60dfc4e0, 0x0000020b60e03ec0, 0x0000020b60e046c0,
0x0000020b60e05be0, 0x0000020b60e160d0, 0x0000020b6193a3e0, 0x0000020b61959430
}

Java Threads: ( => current thread )
=>0x0000020b47e4d130 JavaThread "main" [_thread_in_vm, id=13908, stack(0x0000007982900000,0x0000007982a00000)]
  0x0000020b60dca260 JavaThread "Reference Handler" daemon [_thread_blocked, id=3924, stack(0x0000007983000000,0x0000007983100000)]
  0x0000020b60dcc940 JavaThread "Finalizer" daemon [_thread_blocked, id=1736, stack(0x0000007983100000,0x0000007983200000)]
  0x0000020b60db6380 JavaThread "Signal Dispatcher" daemon [_thread_blocked, id=19856, stack(0x0000007983200000,0x0000007983300000)]
  0x0000020b60df4000 JavaThread "Attach Listener" daemon [_thread_blocked, id=4856, stack(0x0000007983300000,0x0000007983400000)]
  0x0000020b60dfc4e0 JavaThread "Service Thread" daemon [_thread_blocked, id=6184, stack(0x0000007983400000,0x0000007983500000)]
  0x0000020b60e03ec0 JavaThread "Monitor Deflation Thread" daemon [_thread_blocked, id=15948, stack(0x0000007983500000,0x0000007983600000)]
  0x0000020b60e046c0 JavaThread "C2 CompilerThread0" daemon [_thread_blocked, id=11884, stack(0x0000007983600000,0x0000007983700000)]
  0x0000020b60e05be0 JavaThread "C1 CompilerThread0" daemon [_thread_blocked, id=13044, stack(0x0000007983700000,0x0000007983800000)]
  0x0000020b60e160d0 JavaThread "Sweeper thread" daemon [_thread_blocked, id=16856, stack(0x0000007983800000,0x0000007983900000)]
  0x0000020b6193a3e0 JavaThread "Notification Thread" daemon [_thread_blocked, id=22428, stack(0x0000007983900000,0x0000007983a00000)]
  0x0000020b61959430 JavaThread "Common-Cleaner" daemon [_thread_blocked, id=17148, stack(0x0000007983b00000,0x0000007983c00000)]

Other Threads:
  0x0000020b60da8500 VMThread "VM Thread" [stack: 0x0000007982f00000,0x0000007983000000] [id=12332]
  0x0000020b6193eed0 WatcherThread [stack: 0x0000007983a00000,0x0000007983b00000] [id=13368]
  0x0000020b47e87eb0 GCTaskThread "GC Thread#0" [stack: 0x0000007982a00000,0x0000007982b00000] [id=352]
  0x0000020b47e90ec0 ConcurrentGCThread "G1 Main Marker" [stack: 0x0000007982b00000,0x0000007982c00000] [id=7268]
  0x0000020b47e93690 ConcurrentGCThread "G1 Conc#0" [stack: 0x0000007982c00000,0x0000007982d00000] [id=15384]
  0x0000020b47ed26f0 ConcurrentGCThread "G1 Refine#0" [stack: 0x0000007982d00000,0x0000007982e00000] [id=7468]
  0x0000020b47ed4ee0 ConcurrentGCThread "G1 Service" [stack: 0x0000007982e00000,0x0000007982f00000] [id=16784]

Threads with active compile tasks:

VM state: not at safepoint (normal execution)

VM Mutex/Monitor currently owned by a thread:  ([mutex/lock_event])
[0x0000020b47e46bd0] Metaspace_lock - owner thread: 0x0000020b47e4d130

Heap address: 0x00000000c2400000, size: 988 MB, Compressed Oops mode: 32-bit

CDS archive(s) not mapped
Compressed class space mapped at: 0x0000000100000000-0x0000000140000000, reserved size: 1073741824
Narrow klass base: 0x0000000000000000, Narrow klass shift: 3, Narrow klass range: 0x140000000

GC Precious Log:
 CPUs: 4 total, 4 available
 Memory: 3948M
 Large Page Support: Disabled
 NUMA Support: Disabled
 Compressed Oops: Enabled (32-bit)
 Heap Region Size: 1M
 Heap Min Capacity: 8M
 Heap Initial Capacity: 62M
 Heap Max Capacity: 988M
 Pre-touch: Disabled
 Parallel Workers: 4
 Concurrent Workers: 1
 Concurrent Refinement Workers: 4
 Periodic GC: Disabled

Heap:
 garbage-first heap   total 63488K, used 1024K [0x00000000c2400000, 0x0000000100000000)
  region size 1024K, 2 young (2048K), 0 survivors (0K)
 Metaspace       used 4167K, committed 4352K, reserved 1056768K
  class space    used 324K, committed 448K, reserved 1048576K

Heap Regions: E=young(eden), S=young(survivor), O=old, HS=humongous(starts), HC=humongous(continues), CS=collection set, F=free, OA=open archive, CA=closed archive, TAMS=top-at-mark-start (previous, next)
|   0|0x00000000c2400000, 0x00000000c2400000, 0x00000000c2500000|  0%| F|  |TAMS 0x00000000c2400000, 0x00000000c2400000| Untracked 
|   1|0x00000000c2500000, 0x00000000c2500000, 0x00000000c2600000|  0%| F|  |TAMS 0x00000000c2500000, 0x00000000c2500000| Untracked 
|   2|0x00000000c2600000, 0x00000000c2600000, 0x00000000c2700000|  0%| F|  |TAMS 0x00000000c2600000, 0x00000000c2600000| Untracked 
|   3|0x00000000c2700000, 0x00000000c2700000, 0x00000000c2800000|  0%| F|  |TAMS 0x00000000c2700000, 0x00000000c2700000| Untracked 
|   4|0x00000000c2800000, 0x00000000c2800000, 0x00000000c2900000|  0%| F|  |TAMS 0x00000000c2800000, 0x00000000c2800000| Untracked 
|   5|0x00000000c2900000, 0x00000000c2900000, 0x00000000c2a00000|  0%| F|  |TAMS 0x00000000c2900000, 0x00000000c2900000| Untracked 
|   6|0x00000000c2a00000, 0x00000000c2a00000, 0x00000000c2b00000|  0%| F|  |TAMS 0x00000000c2a00000, 0x00000000c2a00000| Untracked 
|   7|0x00000000c2b00000, 0x00000000c2b00000, 0x00000000c2c00000|  0%| F|  |TAMS 0x00000000c2b00000, 0x00000000c2b00000| Untracked 
|   8|0x00000000c2c00000, 0x00000000c2c00000, 0x00000000c2d00000|  0%| F|  |TAMS 0x00000000c2c00000, 0x00000000c2c00000| Untracked 
|   9|0x00000000c2d00000, 0x00000000c2d00000, 0x00000000c2e00000|  0%| F|  |TAMS 0x00000000c2d00000, 0x00000000c2d00000| Untracked 
|  10|0x00000000c2e00000, 0x00000000c2e00000, 0x00000000c2f00000|  0%| F|  |TAMS 0x00000000c2e00000, 0x00000000c2e00000| Untracked 
|  11|0x00000000c2f00000, 0x00000000c2f00000, 0x00000000c3000000|  0%| F|  |TAMS 0x00000000c2f00000, 0x00000000c2f00000| Untracked 
|  12|0x00000000c3000000, 0x00000000c3000000, 0x00000000c3100000|  0%| F|  |TAMS 0x00000000c3000000, 0x00000000c3000000| Untracked 
|  13|0x00000000c3100000, 0x00000000c3100000, 0x00000000c3200000|  0%| F|  |TAMS 0x00000000c3100000, 0x00000000c3100000| Untracked 
|  14|0x00000000c3200000, 0x00000000c3200000, 0x00000000c3300000|  0%| F|  |TAMS 0x00000000c3200000, 0x00000000c3200000| Untracked 
|  15|0x00000000c3300000, 0x00000000c3300000, 0x00000000c3400000|  0%| F|  |TAMS 0x00000000c3300000, 0x00000000c3300000| Untracked 
|  16|0x00000000c3400000, 0x00000000c3400000, 0x00000000c3500000|  0%| F|  |TAMS 0x00000000c3400000, 0x00000000c3400000| Untracked 
|  17|0x00000000c3500000, 0x00000000c3500000, 0x00000000c3600000|  0%| F|  |TAMS 0x00000000c3500000, 0x00000000c3500000| Untracked 
|  18|0x00000000c3600000, 0x00000000c3600000, 0x00000000c3700000|  0%| F|  |TAMS 0x00000000c3600000, 0x00000000c3600000| Untracked 
|  19|0x00000000c3700000, 0x00000000c3700000, 0x00000000c3800000|  0%| F|  |TAMS 0x00000000c3700000, 0x00000000c3700000| Untracked 
|  20|0x00000000c3800000, 0x00000000c3800000, 0x00000000c3900000|  0%| F|  |TAMS 0x00000000c3800000, 0x00000000c3800000| Untracked 
|  21|0x00000000c3900000, 0x00000000c3900000, 0x00000000c3a00000|  0%| F|  |TAMS 0x00000000c3900000, 0x00000000c3900000| Untracked 
|  22|0x00000000c3a00000, 0x00000000c3a00000, 0x00000000c3b00000|  0%| F|  |TAMS 0x00000000c3a00000, 0x00000000c3a00000| Untracked 
|  23|0x00000000c3b00000, 0x00000000c3b00000, 0x00000000c3c00000|  0%| F|  |TAMS 0x00000000c3b00000, 0x00000000c3b00000| Untracked 
|  24|0x00000000c3c00000, 0x00000000c3c00000, 0x00000000c3d00000|  0%| F|  |TAMS 0x00000000c3c00000, 0x00000000c3c00000| Untracked 
|  25|0x00000000c3d00000, 0x00000000c3d00000, 0x00000000c3e00000|  0%| F|  |TAMS 0x00000000c3d00000, 0x00000000c3d00000| Untracked 
|  26|0x00000000c3e00000, 0x00000000c3e00000, 0x00000000c3f00000|  0%| F|  |TAMS 0x00000000c3e00000, 0x00000000c3e00000| Untracked 
|  27|0x00000000c3f00000, 0x00000000c3f00000, 0x00000000c4000000|  0%| F|  |TAMS 0x00000000c3f00000, 0x00000000c3f00000| Untracked 
|  28|0x00000000c4000000, 0x00000000c4000000, 0x00000000c4100000|  0%| F|  |TAMS 0x00000000c4000000, 0x00000000c4000000| Untracked 
|  29|0x00000000c4100000, 0x00000000c4100000, 0x00000000c4200000|  0%| F|  |TAMS 0x00000000c4100000, 0x00000000c4100000| Untracked 
|  30|0x00000000c4200000, 0x00000000c4200000, 0x00000000c4300000|  0%| F|  |TAMS 0x00000000c4200000, 0x00000000c4200000| Untracked 
|  31|0x00000000c4300000, 0x00000000c4300000, 0x00000000c4400000|  0%| F|  |TAMS 0x00000000c4300000, 0x00000000c4300000| Untracked 
|  32|0x00000000c4400000, 0x00000000c4400000, 0x00000000c4500000|  0%| F|  |TAMS 0x00000000c4400000, 0x00000000c4400000| Untracked 
|  33|0x00000000c4500000, 0x00000000c4500000, 0x00000000c4600000|  0%| F|  |TAMS 0x00000000c4500000, 0x00000000c4500000| Untracked 
|  34|0x00000000c4600000, 0x00000000c4600000, 0x00000000c4700000|  0%| F|  |TAMS 0x00000000c4600000, 0x00000000c4600000| Untracked 
|  35|0x00000000c4700000, 0x00000000c4700000, 0x00000000c4800000|  0%| F|  |TAMS 0x00000000c4700000, 0x00000000c4700000| Untracked 
|  36|0x00000000c4800000, 0x00000000c4800000, 0x00000000c4900000|  0%| F|  |TAMS 0x00000000c4800000, 0x00000000c4800000| Untracked 
|  37|0x00000000c4900000, 0x00000000c4900000, 0x00000000c4a00000|  0%| F|  |TAMS 0x00000000c4900000, 0x00000000c4900000| Untracked 
|  38|0x00000000c4a00000, 0x00000000c4a00000, 0x00000000c4b00000|  0%| F|  |TAMS 0x00000000c4a00000, 0x00000000c4a00000| Untracked 
|  39|0x00000000c4b00000, 0x00000000c4b00000, 0x00000000c4c00000|  0%| F|  |TAMS 0x00000000c4b00000, 0x00000000c4b00000| Untracked 
|  40|0x00000000c4c00000, 0x00000000c4c00000, 0x00000000c4d00000|  0%| F|  |TAMS 0x00000000c4c00000, 0x00000000c4c00000| Untracked 
|  41|0x00000000c4d00000, 0x00000000c4d00000, 0x00000000c4e00000|  0%| F|  |TAMS 0x00000000c4d00000, 0x00000000c4d00000| Untracked 
|  42|0x00000000c4e00000, 0x00000000c4e00000, 0x00000000c4f00000|  0%| F|  |TAMS 0x00000000c4e00000, 0x00000000c4e00000| Untracked 
|  43|0x00000000c4f00000, 0x00000000c4f00000, 0x00000000c5000000|  0%| F|  |TAMS 0x00000000c4f00000, 0x00000000c4f00000| Untracked 
|  44|0x00000000c5000000, 0x00000000c5000000, 0x00000000c5100000|  0%| F|  |TAMS 0x00000000c5000000, 0x00000000c5000000| Untracked 
|  45|0x00000000c5100000, 0x00000000c5100000, 0x00000000c5200000|  0%| F|  |TAMS 0x00000000c5100000, 0x00000000c5100000| Untracked 
|  46|0x00000000c5200000, 0x00000000c5200000, 0x00000000c5300000|  0%| F|  |TAMS 0x00000000c5200000, 0x00000000c5200000| Untracked 
|  47|0x00000000c5300000, 0x00000000c5300000, 0x00000000c5400000|  0%| F|  |TAMS 0x00000000c5300000, 0x00000000c5300000| Untracked 
|  48|0x00000000c5400000, 0x00000000c5400000, 0x00000000c5500000|  0%| F|  |TAMS 0x00000000c5400000, 0x00000000c5400000| Untracked 
|  49|0x00000000c5500000, 0x00000000c5500000, 0x00000000c5600000|  0%| F|  |TAMS 0x00000000c5500000, 0x00000000c5500000| Untracked 
|  50|0x00000000c5600000, 0x00000000c5600000, 0x00000000c5700000|  0%| F|  |TAMS 0x00000000c5600000, 0x00000000c5600000| Untracked 
|  51|0x00000000c5700000, 0x00000000c5700000, 0x00000000c5800000|  0%| F|  |TAMS 0x00000000c5700000, 0x00000000c5700000| Untracked 
|  52|0x00000000c5800000, 0x00000000c5800000, 0x00000000c5900000|  0%| F|  |TAMS 0x00000000c5800000, 0x00000000c5800000| Untracked 
|  53|0x00000000c5900000, 0x00000000c5900000, 0x00000000c5a00000|  0%| F|  |TAMS 0x00000000c5900000, 0x00000000c5900000| Untracked 
|  54|0x00000000c5a00000, 0x00000000c5a00000, 0x00000000c5b00000|  0%| F|  |TAMS 0x00000000c5a00000, 0x00000000c5a00000| Untracked 
|  55|0x00000000c5b00000, 0x00000000c5b00000, 0x00000000c5c00000|  0%| F|  |TAMS 0x00000000c5b00000, 0x00000000c5b00000| Untracked 
|  56|0x00000000c5c00000, 0x00000000c5c00000, 0x00000000c5d00000|  0%| F|  |TAMS 0x00000000c5c00000, 0x00000000c5c00000| Untracked 
|  57|0x00000000c5d00000, 0x00000000c5d00000, 0x00000000c5e00000|  0%| F|  |TAMS 0x00000000c5d00000, 0x00000000c5d00000| Untracked 
|  58|0x00000000c5e00000, 0x00000000c5e00000, 0x00000000c5f00000|  0%| F|  |TAMS 0x00000000c5e00000, 0x00000000c5e00000| Untracked 
|  59|0x00000000c5f00000, 0x00000000c5f00000, 0x00000000c6000000|  0%| F|  |TAMS 0x00000000c5f00000, 0x00000000c5f00000| Untracked 
|  60|0x00000000c6000000, 0x00000000c6043108, 0x00000000c6100000| 26%| E|  |TAMS 0x00000000c6000000, 0x00000000c6000000| Complete 
|  61|0x00000000c6100000, 0x00000000c6200000, 0x00000000c6200000|100%| E|CS|TAMS 0x00000000c6100000, 0x00000000c6100000| Complete 

Card table byte_map: [0x0000020b5c540000,0x0000020b5c730000] _byte_map_base: 0x0000020b5bf2e000

Marking Bits (Prev, Next): (CMBitMap*) 0x0000020b47e88270, (CMBitMap*) 0x0000020b47e882b0
 Prev Bits: [0x0000020b5c920000, 0x0000020b5d890000)
 Next Bits: [0x0000020b5d890000, 0x0000020b5e800000)

Polling page: 0x0000020b47f20000

Metaspace:

Usage:
  Non-class:      3.75 MB used.
      Class:    324.75 KB used.
       Both:      4.07 MB used.

Virtual space:
  Non-class space:        8.00 MB reserved,       3.81 MB ( 48%) committed,  1 nodes.
      Class space:        1.00 GB reserved,     448.00 KB ( <1%) committed,  1 nodes.
             Both:        1.01 GB reserved,       4.25 MB ( <1%) committed. 

Chunk freelists:
   Non-Class:  4.00 MB
       Class:  3.62 MB
        Both:  7.62 MB

MaxMetaspaceSize: unlimited
CompressedClassSpaceSize: 1.00 GB
Initial GC threshold: 21.00 MB
Current GC threshold: 21.00 MB
CDS: off
MetaspaceReclaimPolicy: balanced
 - commit_granule_bytes: 65536.
 - commit_granule_words: 8192.
 - virtual_space_node_default_size: 1048576.
 - enlarge_chunks_in_place: 1.
 - new_chunks_are_fully_committed: 0.
 - uncommit_free_chunks: 1.
 - use_allocation_guard: 0.
 - handle_deallocations: 1.


Internal statistics:

num_allocs_failed_limit: 0.
num_arena_births: 4.
num_arena_deaths: 0.
num_vsnodes_births: 2.
num_vsnodes_deaths: 0.
num_space_committed: 68.
num_space_uncommitted: 0.
num_chunks_returned_to_freelist: 0.
num_chunks_taken_from_freelist: 6.
num_chunk_merges: 0.
num_chunk_splits: 2.
num_chunks_enlarged: 0.
num_purges: 0.
num_inconsistent_stats: 0.

CodeHeap 'non-profiled nmethods': size=120000Kb used=13Kb max_used=13Kb free=119986Kb
 bounds [0x0000020b547f0000, 0x0000020b54a60000, 0x0000020b5bd20000]
CodeHeap 'profiled nmethods': size=120000Kb used=78Kb max_used=78Kb free=119921Kb
 bounds [0x0000020b4d2c0000, 0x0000020b4d530000, 0x0000020b547f0000]
CodeHeap 'non-nmethods': size=5760Kb used=1047Kb max_used=1047Kb free=4712Kb
 bounds [0x0000020b4cd20000, 0x0000020b4cf90000, 0x0000020b4d2c0000]
 total_blobs=368 nmethods=63 adapters=218
 compilation: enabled
              stopped_count=0, restarted_count=0
 full_count=0

Compilation events (20 events):
Event: 0.121 Thread 0x0000020b60e05be0   56       3       java.util.HashMap::get (19 bytes)
Event: 0.121 Thread 0x0000020b60e05be0 nmethod 56 0x0000020b4d2d2590 code [0x0000020b4d2d2740, 0x0000020b4d2d2908]
Event: 0.121 Thread 0x0000020b60e05be0   52       1       java.lang.module.ModuleDescriptor::isAutomatic (5 bytes)
Event: 0.121 Thread 0x0000020b60e05be0 nmethod 52 0x0000020b547f2690 code [0x0000020b547f2820, 0x0000020b547f28f8]
Event: 0.121 Thread 0x0000020b60e05be0   44       1       java.lang.module.ResolvedModule::reference (5 bytes)
Event: 0.121 Thread 0x0000020b60e05be0 nmethod 44 0x0000020b547f2990 code [0x0000020b547f2b20, 0x0000020b547f2bf8]
Event: 0.121 Thread 0x0000020b60e05be0   57       1       java.lang.module.ResolvedModule::configuration (5 bytes)
Event: 0.121 Thread 0x0000020b60e05be0 nmethod 57 0x0000020b547f2c90 code [0x0000020b547f2e20, 0x0000020b547f2ef8]
Event: 0.121 Thread 0x0000020b60e05be0   58       1       java.lang.module.ModuleDescriptor$Exports::targets (5 bytes)
Event: 0.121 Thread 0x0000020b60e05be0 nmethod 58 0x0000020b547f2f90 code [0x0000020b547f3120, 0x0000020b547f31f8]
Event: 0.121 Thread 0x0000020b60e05be0   59       1       java.util.ImmutableCollections$Set12::isEmpty (2 bytes)
Event: 0.121 Thread 0x0000020b60e05be0 nmethod 59 0x0000020b547f3290 code [0x0000020b547f3420, 0x0000020b547f34f8]
Event: 0.125 Thread 0x0000020b60e05be0   60       3       java.lang.StringUTF16::getChar (60 bytes)
Event: 0.125 Thread 0x0000020b60e05be0 nmethod 60 0x0000020b4d2d2a10 code [0x0000020b4d2d2ba0, 0x0000020b4d2d2d18]
Event: 0.128 Thread 0x0000020b60e05be0   61       3       java.lang.AbstractStringBuilder::ensureCapacityInternal (39 bytes)
Event: 0.128 Thread 0x0000020b60e05be0 nmethod 61 0x0000020b4d2d2e10 code [0x0000020b4d2d2fc0, 0x0000020b4d2d31f8]
Event: 0.133 Thread 0x0000020b60e05be0   62       3       java.lang.String::isEmpty (14 bytes)
Event: 0.133 Thread 0x0000020b60e05be0 nmethod 62 0x0000020b4d2d3310 code [0x0000020b4d2d34a0, 0x0000020b4d2d3618]
Event: 0.133 Thread 0x0000020b60e05be0   63       3       java.lang.StringLatin1::canEncode (13 bytes)
Event: 0.133 Thread 0x0000020b60e05be0 nmethod 63 0x0000020b4d2d3710 code [0x0000020b4d2d38a0, 0x0000020b4d2d39f8]

GC Heap History (0 events):
No events

Dll operation events (1 events):
Event: 0.007 Loaded shared library C:\Users\aluiz\OneDrive\Área de Trabalho\eclipse\plugins\org.eclipse.justj.openjdk.hotspot.jre.full.win32.x86_64_17.0.5.v20221102-0933\jre\bin\java.dll

Deoptimization events (0 events):
No events

Classes unloaded (0 events):
No events

Classes redefined (0 events):
No events

Internal exceptions (0 events):
No events

VM Operations (0 events):
No events

Events (20 events):
Event: 0.135 loading class java/lang/invoke/LambdaMetafactory done
Event: 0.135 loading class java/lang/invoke/MethodType$ConcurrentWeakInternSet
Event: 0.135 loading class java/lang/invoke/MethodType$ConcurrentWeakInternSet done
Event: 0.136 loading class java/lang/invoke/MethodTypeForm
Event: 0.136 loading class java/lang/invoke/MethodTypeForm done
Event: 0.136 loading class java/lang/invoke/MethodType$ConcurrentWeakInternSet$WeakEntry
Event: 0.136 loading class java/lang/invoke/MethodType$ConcurrentWeakInternSet$WeakEntry done
Event: 0.136 loading class sun/invoke/util/Wrapper
Event: 0.136 loading class sun/invoke/util/Wrapper done
Event: 0.136 loading class sun/invoke/util/Wrapper$Format
Event: 0.136 loading class sun/invoke/util/Wrapper$Format done
Event: 0.137 loading class java/lang/invoke/LambdaForm$NamedFunction
Event: 0.137 loading class java/lang/invoke/LambdaForm$NamedFunction done
Event: 0.137 loading class java/lang/invoke/DirectMethodHandle$Holder
Event: 0.137 loading class java/lang/invoke/DirectMethodHandle$Holder done
Event: 0.137 loading class sun/invoke/util/ValueConversions
Event: 0.137 loading class sun/invoke/util/ValueConversions done
Event: 0.137 loading class java/lang/invoke/MethodHandleImpl
Event: 0.138 loading class java/lang/invoke/MethodHandleImpl done
Event: 0.138 loading class java/lang/invoke/Invokers


Dynamic libraries:
0x00007ff68dfe0000 - 0x00007ff68dfee000 	C:\Users\aluiz\OneDrive\Área de Trabalho\eclipse\plugins\org.eclipse.justj.openjdk.hotspot.jre.full.win32.x86_64_17.0.5.v20221102-0933\jre\bin\javaw.exe
0x00007ffb78470000 - 0x00007ffb78668000 	C:\WINDOWS\SYSTEM32\ntdll.dll
0x00007ffb76c10000 - 0x00007ffb76ccf000 	C:\WINDOWS\System32\KERNEL32.DLL
0x00007ffb75e30000 - 0x00007ffb76102000 	C:\WINDOWS\System32\KERNELBASE.dll
0x00007ffb75d00000 - 0x00007ffb75e00000 	C:\WINDOWS\System32\ucrtbase.dll
0x00007ffb6cc90000 - 0x00007ffb6cca7000 	C:\Users\aluiz\OneDrive\Área de Trabalho\eclipse\plugins\org.eclipse.justj.openjdk.hotspot.jre.full.win32.x86_64_17.0.5.v20221102-0933\jre\bin\jli.dll
0x00007ffb777c0000 - 0x00007ffb77961000 	C:\WINDOWS\System32\USER32.dll
0x00007ffb75e00000 - 0x00007ffb75e22000 	C:\WINDOWS\System32\win32u.dll
0x00007ffb771d0000 - 0x00007ffb771fb000 	C:\WINDOWS\System32\GDI32.dll
0x00007ffb76370000 - 0x00007ffb7647f000 	C:\WINDOWS\System32\gdi32full.dll
0x00007ffb75c10000 - 0x00007ffb75cad000 	C:\WINDOWS\System32\msvcp_win.dll
0x00007ffb6cd10000 - 0x00007ffb6cd29000 	C:\Users\aluiz\OneDrive\Área de Trabalho\eclipse\plugins\org.eclipse.justj.openjdk.hotspot.jre.full.win32.x86_64_17.0.5.v20221102-0933\jre\bin\VCRUNTIME140.dll
0x00007ffb57ad0000 - 0x00007ffb57d6a000 	C:\WINDOWS\WinSxS\amd64_microsoft.windows.common-controls_6595b64144ccf1df_6.0.19041.1110_none_60b5254171f9507e\COMCTL32.dll
0x00007ffb764b0000 - 0x00007ffb7654e000 	C:\WINDOWS\System32\msvcrt.dll
0x00007ffb77a50000 - 0x00007ffb77a82000 	C:\WINDOWS\System32\IMM32.DLL
0x00007ffb71ca0000 - 0x00007ffb71cac000 	C:\Users\aluiz\OneDrive\Área de Trabalho\eclipse\plugins\org.eclipse.justj.openjdk.hotspot.jre.full.win32.x86_64_17.0.5.v20221102-0933\jre\bin\vcruntime140_1.dll
0x00007ffb4a9a0000 - 0x00007ffb4aa31000 	C:\Users\aluiz\OneDrive\Área de Trabalho\eclipse\plugins\org.eclipse.justj.openjdk.hotspot.jre.full.win32.x86_64_17.0.5.v20221102-0933\jre\bin\msvcp140.dll
0x00007ffb1ef50000 - 0x00007ffb1fb94000 	C:\Users\aluiz\OneDrive\Área de Trabalho\eclipse\plugins\org.eclipse.justj.openjdk.hotspot.jre.full.win32.x86_64_17.0.5.v20221102-0933\jre\bin\server\jvm.dll
0x00007ffb77710000 - 0x00007ffb777be000 	C:\WINDOWS\System32\ADVAPI32.dll
0x00007ffb77670000 - 0x00007ffb7770c000 	C:\WINDOWS\System32\sechost.dll
0x00007ffb76fb0000 - 0x00007ffb770d5000 	C:\WINDOWS\System32\RPCRT4.dll
0x00007ffb73070000 - 0x00007ffb73079000 	C:\WINDOWS\SYSTEM32\WSOCK32.dll
0x00007ffb6cb50000 - 0x00007ffb6cb77000 	C:\WINDOWS\SYSTEM32\WINMM.dll
0x00007ffb77100000 - 0x00007ffb7716b000 	C:\WINDOWS\System32\WS2_32.dll
0x00007ffb70310000 - 0x00007ffb7031a000 	C:\WINDOWS\SYSTEM32\VERSION.dll
0x00007ffb74400000 - 0x00007ffb74412000 	C:\WINDOWS\SYSTEM32\kernel.appcore.dll
0x00007ffb71b60000 - 0x00007ffb71b6a000 	C:\Users\aluiz\OneDrive\Área de Trabalho\eclipse\plugins\org.eclipse.justj.openjdk.hotspot.jre.full.win32.x86_64_17.0.5.v20221102-0933\jre\bin\jimage.dll
0x00007ffb73a10000 - 0x00007ffb73bf4000 	C:\WINDOWS\SYSTEM32\DBGHELP.DLL
0x00007ffb621d0000 - 0x00007ffb62205000 	C:\WINDOWS\SYSTEM32\dbgcore.DLL
0x00007ffb76270000 - 0x00007ffb762f2000 	C:\WINDOWS\System32\bcryptPrimitives.dll
0x00007ffb71ad0000 - 0x00007ffb71af5000 	C:\Users\aluiz\OneDrive\Área de Trabalho\eclipse\plugins\org.eclipse.justj.openjdk.hotspot.jre.full.win32.x86_64_17.0.5.v20221102-0933\jre\bin\java.dll
0x00007ffb71b40000 - 0x00007ffb71b58000 	C:\Users\aluiz\OneDrive\Área de Trabalho\eclipse\plugins\org.eclipse.justj.openjdk.hotspot.jre.full.win32.x86_64_17.0.5.v20221102-0933\jre\bin\zip.dll
0x00007ffb77a90000 - 0x00007ffb781d4000 	C:\WINDOWS\System32\SHELL32.dll
0x00007ffb73c00000 - 0x00007ffb74392000 	C:\WINDOWS\SYSTEM32\windows.storage.dll
0x00007ffb768b0000 - 0x00007ffb76c05000 	C:\WINDOWS\System32\combase.dll
0x00007ffb755c0000 - 0x00007ffb755f0000 	C:\WINDOWS\SYSTEM32\Wldp.dll
0x00007ffb78380000 - 0x00007ffb7842d000 	C:\WINDOWS\System32\SHCORE.dll
0x00007ffb78320000 - 0x00007ffb78375000 	C:\WINDOWS\System32\shlwapi.dll
0x00007ffb75aa0000 - 0x00007ffb75abf000 	C:\WINDOWS\SYSTEM32\profapi.dll

dbghelp: loaded successfully - version: 4.0.5 - missing functions: none
symbol engine: initialized successfully - sym options: 0x614 - pdb path: .;C:\Users\aluiz\OneDrive\Área de Trabalho\eclipse\plugins\org.eclipse.justj.openjdk.hotspot.jre.full.win32.x86_64_17.0.5.v20221102-0933\jre\bin;C:\WINDOWS\SYSTEM32;C:\WINDOWS\WinSxS\amd64_microsoft.windows.common-controls_6595b64144ccf1df_6.0.19041.1110_none_60b5254171f9507e;C:\Users\aluiz\OneDrive\Área de Trabalho\eclipse\plugins\org.eclipse.justj.openjdk.hotspot.jre.full.win32.x86_64_17.0.5.v20221102-0933\jre\bin\server

VM Arguments:
jvm_args: -Dfile.encoding=UTF-8 -XX:+ShowCodeDetailsInExceptionMessages 
java_command: application.Pesquisa
java_class_path (initial): C:\Eclipse\pesquisa_de_satisfação\bin
Launcher Type: SUN_STANDARD

[Global flags]
     intx CICompilerCount                          = 3                                         {product} {ergonomic}
     uint ConcGCThreads                            = 1                                         {product} {ergonomic}
     uint G1ConcRefinementThreads                  = 4                                         {product} {ergonomic}
   size_t G1HeapRegionSize                         = 1048576                                   {product} {ergonomic}
    uintx GCDrainStackTargetSize                   = 64                                        {product} {ergonomic}
   size_t InitialHeapSize                          = 65011712                                  {product} {ergonomic}
   size_t MarkStackSize                            = 4194304                                   {product} {ergonomic}
   size_t MaxHeapSize                              = 1035993088                                {product} {ergonomic}
   size_t MaxNewSize                               = 620756992                                 {product} {ergonomic}
   size_t MinHeapDeltaBytes                        = 1048576                                   {product} {ergonomic}
   size_t MinHeapSize                              = 8388608                                   {product} {ergonomic}
    uintx NonNMethodCodeHeapSize                   = 5832780                                {pd product} {ergonomic}
    uintx NonProfiledCodeHeapSize                  = 122912730                              {pd product} {ergonomic}
    uintx ProfiledCodeHeapSize                     = 122912730                              {pd product} {ergonomic}
    uintx ReservedCodeCacheSize                    = 251658240                              {pd product} {ergonomic}
     bool SegmentedCodeCache                       = true                                      {product} {ergonomic}
     bool ShowCodeDetailsInExceptionMessages       = true                                   {manageable} {command line}
   size_t SoftMaxHeapSize                          = 1035993088                             {manageable} {ergonomic}
     bool UseCompressedClassPointers               = true                           {product lp64_product} {ergonomic}
     bool UseCompressedOops                        = true                           {product lp64_product} {ergonomic}
     bool UseG1GC                                  = true                                      {product} {ergonomic}
     bool UseLargePagesIndividualAllocation        = false                                  {pd product} {ergonomic}

Logging:
Log output configuration:
 #0: stdout all=warning uptime,level,tags
 #1: stderr all=off uptime,level,tags

Environment Variables:
JAVA_HOME=C:\Program Files\Java\jdk-19
PATH=C:/Users/aluiz/OneDrive/Área de Trabalho/eclipse//plugins/org.eclipse.justj.openjdk.hotspot.jre.full.win32.x86_64_17.0.5.v20221102-0933/jre/bin/server;C:/Users/aluiz/OneDrive/Área de Trabalho/eclipse//plugins/org.eclipse.justj.openjdk.hotspot.jre.full.win32.x86_64_17.0.5.v20221102-0933/jre/bin;C:\Program Files\Common Files\Oracle\Java\javapath;C:\Program Files (x86)\Intel\Intel(R) Management Engine Components\iCLS\;C:\Program Files\Intel\Intel(R) Management Engine Components\iCLS\;C:\WINDOWS\system32;C:\WINDOWS;C:\WINDOWS\System32\Wbem;C:\WINDOWS\System32\WindowsPowerShell\v1.0\;C:\WINDOWS\System32\OpenSSH\;C:\Program Files (x86)\Intel\Intel(R) Management Engine Components\DAL;C:\Program Files\Intel\Intel(R) Management Engine Components\DAL;C:\Program Files\Java\jdk-19\bin;C:\Program Files\Git\cmd;C:\Users\aluiz\AppData\Local\Microsoft\WindowsApps;;C:\Users\aluiz\OneDrive\Área de Trabalho\eclipse;
USERNAME=aluiz
OS=Windows_NT
PROCESSOR_IDENTIFIER=Intel64 Family 6 Model 142 Stepping 11, GenuineIntel
TMP=C:\Users\aluiz\AppData\Local\Temp
TEMP=C:\Users\aluiz\AppData\Local\Temp



---------------  S Y S T E M  ---------------

OS:
 Windows 10 , 64 bit Build 19041 (10.0.19041.2364)
OS uptime: 11 days 13:17 hours

CPU: total 4 (initial active 4) (2 cores per cpu, 2 threads per core) family 6 model 142 stepping 11 microcode 0xae, cx8, cmov, fxsr, ht, mmx, 3dnowpref, sse, sse2, sse3, ssse3, sse4.1, sse4.2, popcnt, lzcnt, tsc, tscinvbit, avx, avx2, aes, erms, clmul, bmi1, bmi2, adx, fma, vzeroupper, clflush, clflushopt

Memory: 4k page, system-wide physical 3948M (348M free)
TotalPageFile size 16236M (AvailPageFile size 3M)
current process WorkingSet (physical memory assigned to process): 28M, peak: 28M
current process commit charge ("private bytes"): 125M, peak: 125M

vm_info: OpenJDK 64-Bit Server VM (17.0.5+8) for windows-amd64 JRE (17.0.5+8), built on Oct 19 2022 04:48:13 by "temurin" with MS VC++ 16.7 (VS2019)

END.
